\o Program:		@(#)$CDS: cdsLibEditor version 6.1.8 - CAT37 06/02/2021 23:25 (sjfdcl1073) $
\o Sub version:		sub-version  s195 
\o Arguments:		-cdslib /home/student/vrykov/EEE235/oa2stageNin018/cds.lib -mpssession virtuoso10108 -mpshost ecs-pa-einstein.ecs.csus.edu 
\o Working Directory:	ecs-pa-einstein.ecs.csus.edu:/home/student/vrykov/EEE235/oa2stageNin018
\o 64-bit offsets
\a nrSetWindowVisibility(cdsLibEditor "show")
\o Qt version: 		5.9.1
\a nrResizeWindow(cdsLibEditor list(0 0 500 400))
\a nrSetCurrentWindow(cdsLibEditor)
\a nrResizeWindow(cdsLibEditor list(34 57 500 400))
\a nrResizeWindow(cdsLibEditor list(99 85 500 400))
\a nrListItemAction(cdsLibEditor->mainTable 6 1)
\o Active cell: 6 1 "/home/student/vrykov/EEE235/Ex1/work_VR"
\a nrListItemRename(cdsLibEditor->mainTable, 6 1 "/home/student/vrykov/EEE235//work_VR")
\o QUESTION (CLE-200): The directory "/home/student/vrykov/EEE235//work_VR" \ndoesn't exist. If other tools use this file, \nan error will occur unless you either create \nthe directory you have specified or change the \npath to an existing directory. \n\nDo you want to create a new library? 
\a nrSetWindowVisibility(needCreateDialog "show")
\a nrResizeWindow(needCreateDialog list(164 145 350 200))
\a nrSetCurrentWindow(needCreateDialog)
\a needCreateDialog->cancelButton->value = t
\a nrSetCurrentWindow(cdsLibEditor)
\a nrListItemRename(cdsLibEditor->mainTable, 6 1 "/home/student/vrykov/EEE235/oa2stageNin018/work_VR")
\a nrListItemAction(cdsLibEditor->mainTable 7 0)
\o Active cell: 7 0 ""
\a nrListItemAction(cdsLibEditor->mainTable 7 1)
\o Active cell: 7 1 ""
\a nrListItemAction(cdsLibEditor->mainTable 0 0)
\o Active cell: 0 0 "basic"
\o QUESTION (CLE-205): You have made changes which have not been saved. \n\nWould you like to save your changes? 
\a nrSetWindowVisibility(needSaveDialog "show")
\a nrResizeWindow(needSaveDialog list(155 177 369 136))
\a nrSetCurrentWindow(needSaveDialog)
\a needSaveDialog->yesButton->value = t
\a exit(0)
